<?xml version="1.0" encoding="UTF-8" ?>
<testsuite tests="3" failures="0" name="ar.com.hexacta.tpl.model.LibraryTest" time="0.365" errors="0" skipped="0">
  <properties>
    <property name="java.runtime.name" value="Java(TM) SE Runtime Environment"/>
    <property name="sun.boot.library.path" value="C:\Program Files\Java\jdk1.8.0_25\jre\bin"/>
    <property name="java.vm.version" value="25.25-b02"/>
    <property name="java.vm.vendor" value="Oracle Corporation"/>
    <property name="java.vendor.url" value="http://java.oracle.com/"/>
    <property name="path.separator" value=";"/>
    <property name="java.vm.name" value="Java HotSpot(TM) 64-Bit Server VM"/>
    <property name="file.encoding.pkg" value="sun.io"/>
    <property name="user.script" value=""/>
    <property name="user.country" value="US"/>
    <property name="sun.java.launcher" value="SUN_STANDARD"/>
    <property name="sun.os.patch.level" value=""/>
    <property name="java.vm.specification.name" value="Java Virtual Machine Specification"/>
    <property name="user.dir" value="C:\Users\emalvino\HexactaLabs-Java\Java Wicket"/>
    <property name="java.runtime.version" value="1.8.0_25-b18"/>
    <property name="java.awt.graphicsenv" value="sun.awt.Win32GraphicsEnvironment"/>
    <property name="basedir" value="C:\Users\emalvino\HexactaLabs-Java\Java Wicket"/>
    <property name="java.endorsed.dirs" value="C:\Program Files\Java\jdk1.8.0_25\jre\lib\endorsed"/>
    <property name="os.arch" value="amd64"/>
    <property name="surefire.real.class.path" value="C:\Users\emalvino\HexactaLabs-Java\Java Wicket\target\surefire\surefirebooter4737853990722665059.jar"/>
    <property name="java.io.tmpdir" value="C:\Users\emalvino\AppData\Local\Temp\"/>
    <property name="line.separator" value="
"/>
    <property name="java.vm.specification.vendor" value="Oracle Corporation"/>
    <property name="user.variant" value=""/>
    <property name="os.name" value="Windows 8.1"/>
    <property name="sun.jnu.encoding" value="Cp1252"/>
    <property name="java.library.path" value="C:\Program Files\Java\jdk1.8.0_25\jre\bin;C:\Windows\Sun\Java\bin;C:\Windows\system32;C:\Windows;C:\ProgramData\Oracle\Java\javapath;C:\Python27\;C:\Program Files (x86)\Intel\iCLS Client\;C:\Program Files\Intel\iCLS Client\;C:\Windows\system32;C:\Windows;C:\Windows\System32\Wbem;C:\Windows\System32\WindowsPowerShell\v1.0\;C:\Program Files (x86)\Windows Kits\8.1\Windows Performance Toolkit\;C:\Program Files\Microsoft SQL Server\110\Tools\Binn\;C:\Program Files\Intel\Intel(R) Management Engine Components\DAL;C:\Program Files\Intel\Intel(R) Management Engine Components\IPT;C:\Program Files (x86)\Intel\Intel(R) Management Engine Components\DAL;C:\Program Files (x86)\Intel\Intel(R) Management Engine Components\IPT;C:\Program Files\Intel\WiFi\bin\;C:\Program Files\Common Files\Intel\WirelessCommon\;C:\Program Files\TortoiseSVN\bin;C:\Program Files (x86)\Git\bin;c:\Program Files (x86)\Microsoft SQL Server\110\Tools\Binn\;c:\Program Files\Microsoft SQL Server\110\DTS\Binn\;c:\Program Files (x86)\Microsoft SQL Server\110\Tools\Binn\ManagementStudio\;c:\Program Files (x86)\Microsoft SQL Server\110\DTS\Binn\;C:\Go\bin;C:\Program Files (x86)\apache-maven-3.2.3\bin;C:\Program Files\Android\sdk\tools;C:\Program Files (x86)\apache-ant-1.9.4\bin;C:\Program Files\TortoiseGit\bin;C:\Program Files\OpenVPN\bin;C:\Program Files\nodejs\;C:\grails-2.4.3\bin;C:\Program Files (x86)\Skype\Phone\;C:\Program Files\Microsoft\Web Platform Installer\;C:\Ruby193\bin;C:\Users\emalvino\AppData\Roaming\npm;."/>
    <property name="surefire.test.class.path" value="C:\Users\emalvino\HexactaLabs-Java\Java Wicket\target\test-classes;C:\Users\emalvino\HexactaLabs-Java\Java Wicket\target\classes;C:\Users\emalvino\.m2\repository\org\hibernate\hibernate-tools\3.2.3.GA\hibernate-tools-3.2.3.GA.jar;C:\Users\emalvino\.m2\repository\org\beanshell\bsh\2.0b4\bsh-2.0b4.jar;C:\Users\emalvino\.m2\repository\org\hibernate\jtidy\r8-20060801\jtidy-r8-20060801.jar;C:\Users\emalvino\.m2\repository\org\hsqldb\hsqldb\1.8.0.10\hsqldb-1.8.0.10.jar;C:\Users\emalvino\.m2\repository\postgresql\postgresql\9.1-901.jdbc4\postgresql-9.1-901.jdbc4.jar;C:\Users\emalvino\.m2\repository\mysql\mysql-connector-java\5.1.18\mysql-connector-java-5.1.18.jar;C:\Users\emalvino\.m2\repository\org\hibernate\hibernate\3.2.6.ga\hibernate-3.2.6.ga.jar;C:\Users\emalvino\.m2\repository\asm\asm-attrs\1.5.3\asm-attrs-1.5.3.jar;C:\Users\emalvino\.m2\repository\dom4j\dom4j\1.6.1\dom4j-1.6.1.jar;C:\Users\emalvino\.m2\repository\org\log4jdbc\log4jdbc\4.1.2\log4jdbc-4.1.2.jar;C:\Users\emalvino\.m2\repository\org\apache\geronimo\specs\geronimo-jta_1.1_spec\1.1.1\geronimo-jta_1.1_spec-1.1.1.jar;C:\Users\emalvino\.m2\repository\net\sf\ehcache\ehcache\1.2.3\ehcache-1.2.3.jar;C:\Users\emalvino\.m2\repository\commons-logging\commons-logging\1.0.4\commons-logging-1.0.4.jar;C:\Users\emalvino\.m2\repository\swarmcache\swarmcache\1.0RC2\swarmcache-1.0RC2.jar;C:\Users\emalvino\.m2\repository\jgroups\jgroups-all\2.2.8\jgroups-all-2.2.8.jar;C:\Users\emalvino\.m2\repository\asm\asm-commons\2.2.3\asm-commons-2.2.3.jar;C:\Users\emalvino\.m2\repository\asm\asm-tree\2.2.3\asm-tree-2.2.3.jar;C:\Users\emalvino\.m2\repository\asm\asm\2.2.3\asm-2.2.3.jar;C:\Users\emalvino\.m2\repository\antlr\antlr\2.7.7\antlr-2.7.7.jar;C:\Users\emalvino\.m2\repository\org\antlr\antlr\3.0.1\antlr-3.0.1.jar;C:\Users\emalvino\.m2\repository\org\antlr\stringtemplate\3.1-b1\stringtemplate-3.1-b1.jar;C:\Users\emalvino\.m2\repository\cglib\cglib-nodep\2.2\cglib-nodep-2.2.jar;C:\Users\emalvino\.m2\repository\joda-time\joda-time-hibernate\1.2\joda-time-hibernate-1.2.jar;C:\Users\emalvino\.m2\repository\commons-dbcp\commons-dbcp\1.2.1\commons-dbcp-1.2.1.jar;C:\Users\emalvino\.m2\repository\commons-pool\commons-pool\1.2\commons-pool-1.2.jar;C:\Users\emalvino\.m2\repository\xml-apis\xml-apis\1.0.b2\xml-apis-1.0.b2.jar;C:\Users\emalvino\.m2\repository\xerces\xercesImpl\2.0.2\xercesImpl-2.0.2.jar;C:\Users\emalvino\.m2\repository\org\apache\wicket\wicket-core\1.5.4\wicket-core-1.5.4.jar;C:\Users\emalvino\.m2\repository\org\apache\wicket\wicket-util\1.5.4\wicket-util-1.5.4.jar;C:\Users\emalvino\.m2\repository\org\apache\wicket\wicket-request\1.5.4\wicket-request-1.5.4.jar;C:\Users\emalvino\.m2\repository\org\apache\wicket\wicket-datetime\1.5.4\wicket-datetime-1.5.4.jar;C:\Users\emalvino\.m2\repository\org\apache\wicket\wicket-spring\1.5.4\wicket-spring-1.5.4.jar;C:\Users\emalvino\.m2\repository\org\apache\wicket\wicket-ioc\1.5.4\wicket-ioc-1.5.4.jar;C:\Users\emalvino\.m2\repository\org\apache\wicket\wicket-spring-annot\1.3.3\wicket-spring-annot-1.3.3.jar;C:\Users\emalvino\.m2\repository\org\apache\wicket\wicket-extensions\1.5.4\wicket-extensions-1.5.4.jar;C:\Users\emalvino\.m2\repository\org\apache\wicket\wicket-auth-roles\1.5.4\wicket-auth-roles-1.5.4.jar;C:\Users\emalvino\.m2\repository\org\aspectj\aspectjrt\1.6.8\aspectjrt-1.6.8.jar;C:\Users\emalvino\.m2\repository\joda-time\joda-time\1.6\joda-time-1.6.jar;C:\Users\emalvino\.m2\repository\commons-lang\commons-lang\2.5\commons-lang-2.5.jar;C:\Users\emalvino\.m2\repository\commons-collections\commons-collections\3.2.1\commons-collections-3.2.1.jar;C:\Users\emalvino\.m2\repository\org\springframework\spring-core\3.0.2.RELEASE\spring-core-3.0.2.RELEASE.jar;C:\Users\emalvino\.m2\repository\org\springframework\spring-asm\3.0.2.RELEASE\spring-asm-3.0.2.RELEASE.jar;C:\Users\emalvino\.m2\repository\org\springframework\spring-aspects\3.0.2.RELEASE\spring-aspects-3.0.2.RELEASE.jar;C:\Users\emalvino\.m2\repository\org\springframework\spring-beans\3.0.2.RELEASE\spring-beans-3.0.2.RELEASE.jar;C:\Users\emalvino\.m2\repository\org\springframework\spring-context\3.0.2.RELEASE\spring-context-3.0.2.RELEASE.jar;C:\Users\emalvino\.m2\repository\org\springframework\spring-test\3.0.2.RELEASE\spring-test-3.0.2.RELEASE.jar;C:\Users\emalvino\.m2\repository\org\springframework\spring-context-support\3.0.2.RELEASE\spring-context-support-3.0.2.RELEASE.jar;C:\Users\emalvino\.m2\repository\org\springframework\spring-jdbc\3.0.2.RELEASE\spring-jdbc-3.0.2.RELEASE.jar;C:\Users\emalvino\.m2\repository\org\springframework\spring-tx\3.0.2.RELEASE\spring-tx-3.0.2.RELEASE.jar;C:\Users\emalvino\.m2\repository\aopalliance\aopalliance\1.0\aopalliance-1.0.jar;C:\Users\emalvino\.m2\repository\org\springframework\spring-orm\3.0.2.RELEASE\spring-orm-3.0.2.RELEASE.jar;C:\Users\emalvino\.m2\repository\org\springframework\spring-aop\3.0.2.RELEASE\spring-aop-3.0.2.RELEASE.jar;C:\Users\emalvino\.m2\repository\org\springframework\spring-web\3.0.2.RELEASE\spring-web-3.0.2.RELEASE.jar;C:\Users\emalvino\.m2\repository\org\springframework\security\spring-security-core\3.0.2.RELEASE\spring-security-core-3.0.2.RELEASE.jar;C:\Users\emalvino\.m2\repository\org\springframework\spring-expression\3.0.1.RELEASE\spring-expression-3.0.1.RELEASE.jar;C:\Users\emalvino\.m2\repository\org\aspectj\aspectjweaver\1.6.8\aspectjweaver-1.6.8.jar;C:\Users\emalvino\.m2\repository\org\springframework\security\spring-security-web\3.0.2.RELEASE\spring-security-web-3.0.2.RELEASE.jar;C:\Users\emalvino\.m2\repository\org\springframework\security\spring-security-config\3.0.2.RELEASE\spring-security-config-3.0.2.RELEASE.jar;C:\Users\emalvino\.m2\repository\org\mockito\mockito-all\1.8.5\mockito-all-1.8.5.jar;C:\Users\emalvino\.m2\repository\junit\junit\4.8.2\junit-4.8.2.jar;C:\Users\emalvino\.m2\repository\log4j\log4j\1.2.16\log4j-1.2.16.jar;C:\Users\emalvino\.m2\repository\org\slf4j\slf4j-log4j12\1.6.1\slf4j-log4j12-1.6.1.jar;C:\Users\emalvino\.m2\repository\org\slf4j\slf4j-api\1.6.1\slf4j-api-1.6.1.jar;"/>
    <property name="java.specification.name" value="Java Platform API Specification"/>
    <property name="java.class.version" value="52.0"/>
    <property name="sun.management.compiler" value="HotSpot 64-Bit Tiered Compilers"/>
    <property name="os.version" value="6.3"/>
    <property name="user.home" value="C:\Users\emalvino"/>
    <property name="user.timezone" value="America/Buenos_Aires"/>
    <property name="java.awt.printerjob" value="sun.awt.windows.WPrinterJob"/>
    <property name="java.specification.version" value="1.8"/>
    <property name="file.encoding" value="Cp1252"/>
    <property name="user.name" value="emalvino"/>
    <property name="java.class.path" value="C:\Users\emalvino\HexactaLabs-Java\Java Wicket\target\test-classes;C:\Users\emalvino\HexactaLabs-Java\Java Wicket\target\classes;C:\Users\emalvino\.m2\repository\org\hibernate\hibernate-tools\3.2.3.GA\hibernate-tools-3.2.3.GA.jar;C:\Users\emalvino\.m2\repository\org\beanshell\bsh\2.0b4\bsh-2.0b4.jar;C:\Users\emalvino\.m2\repository\org\hibernate\jtidy\r8-20060801\jtidy-r8-20060801.jar;C:\Users\emalvino\.m2\repository\org\hsqldb\hsqldb\1.8.0.10\hsqldb-1.8.0.10.jar;C:\Users\emalvino\.m2\repository\postgresql\postgresql\9.1-901.jdbc4\postgresql-9.1-901.jdbc4.jar;C:\Users\emalvino\.m2\repository\mysql\mysql-connector-java\5.1.18\mysql-connector-java-5.1.18.jar;C:\Users\emalvino\.m2\repository\org\hibernate\hibernate\3.2.6.ga\hibernate-3.2.6.ga.jar;C:\Users\emalvino\.m2\repository\asm\asm-attrs\1.5.3\asm-attrs-1.5.3.jar;C:\Users\emalvino\.m2\repository\dom4j\dom4j\1.6.1\dom4j-1.6.1.jar;C:\Users\emalvino\.m2\repository\org\log4jdbc\log4jdbc\4.1.2\log4jdbc-4.1.2.jar;C:\Users\emalvino\.m2\repository\org\apache\geronimo\specs\geronimo-jta_1.1_spec\1.1.1\geronimo-jta_1.1_spec-1.1.1.jar;C:\Users\emalvino\.m2\repository\net\sf\ehcache\ehcache\1.2.3\ehcache-1.2.3.jar;C:\Users\emalvino\.m2\repository\commons-logging\commons-logging\1.0.4\commons-logging-1.0.4.jar;C:\Users\emalvino\.m2\repository\swarmcache\swarmcache\1.0RC2\swarmcache-1.0RC2.jar;C:\Users\emalvino\.m2\repository\jgroups\jgroups-all\2.2.8\jgroups-all-2.2.8.jar;C:\Users\emalvino\.m2\repository\asm\asm-commons\2.2.3\asm-commons-2.2.3.jar;C:\Users\emalvino\.m2\repository\asm\asm-tree\2.2.3\asm-tree-2.2.3.jar;C:\Users\emalvino\.m2\repository\asm\asm\2.2.3\asm-2.2.3.jar;C:\Users\emalvino\.m2\repository\antlr\antlr\2.7.7\antlr-2.7.7.jar;C:\Users\emalvino\.m2\repository\org\antlr\antlr\3.0.1\antlr-3.0.1.jar;C:\Users\emalvino\.m2\repository\org\antlr\stringtemplate\3.1-b1\stringtemplate-3.1-b1.jar;C:\Users\emalvino\.m2\repository\cglib\cglib-nodep\2.2\cglib-nodep-2.2.jar;C:\Users\emalvino\.m2\repository\joda-time\joda-time-hibernate\1.2\joda-time-hibernate-1.2.jar;C:\Users\emalvino\.m2\repository\commons-dbcp\commons-dbcp\1.2.1\commons-dbcp-1.2.1.jar;C:\Users\emalvino\.m2\repository\commons-pool\commons-pool\1.2\commons-pool-1.2.jar;C:\Users\emalvino\.m2\repository\xml-apis\xml-apis\1.0.b2\xml-apis-1.0.b2.jar;C:\Users\emalvino\.m2\repository\xerces\xercesImpl\2.0.2\xercesImpl-2.0.2.jar;C:\Users\emalvino\.m2\repository\org\apache\wicket\wicket-core\1.5.4\wicket-core-1.5.4.jar;C:\Users\emalvino\.m2\repository\org\apache\wicket\wicket-util\1.5.4\wicket-util-1.5.4.jar;C:\Users\emalvino\.m2\repository\org\apache\wicket\wicket-request\1.5.4\wicket-request-1.5.4.jar;C:\Users\emalvino\.m2\repository\org\apache\wicket\wicket-datetime\1.5.4\wicket-datetime-1.5.4.jar;C:\Users\emalvino\.m2\repository\org\apache\wicket\wicket-spring\1.5.4\wicket-spring-1.5.4.jar;C:\Users\emalvino\.m2\repository\org\apache\wicket\wicket-ioc\1.5.4\wicket-ioc-1.5.4.jar;C:\Users\emalvino\.m2\repository\org\apache\wicket\wicket-spring-annot\1.3.3\wicket-spring-annot-1.3.3.jar;C:\Users\emalvino\.m2\repository\org\apache\wicket\wicket-extensions\1.5.4\wicket-extensions-1.5.4.jar;C:\Users\emalvino\.m2\repository\org\apache\wicket\wicket-auth-roles\1.5.4\wicket-auth-roles-1.5.4.jar;C:\Users\emalvino\.m2\repository\org\aspectj\aspectjrt\1.6.8\aspectjrt-1.6.8.jar;C:\Users\emalvino\.m2\repository\joda-time\joda-time\1.6\joda-time-1.6.jar;C:\Users\emalvino\.m2\repository\commons-lang\commons-lang\2.5\commons-lang-2.5.jar;C:\Users\emalvino\.m2\repository\commons-collections\commons-collections\3.2.1\commons-collections-3.2.1.jar;C:\Users\emalvino\.m2\repository\org\springframework\spring-core\3.0.2.RELEASE\spring-core-3.0.2.RELEASE.jar;C:\Users\emalvino\.m2\repository\org\springframework\spring-asm\3.0.2.RELEASE\spring-asm-3.0.2.RELEASE.jar;C:\Users\emalvino\.m2\repository\org\springframework\spring-aspects\3.0.2.RELEASE\spring-aspects-3.0.2.RELEASE.jar;C:\Users\emalvino\.m2\repository\org\springframework\spring-beans\3.0.2.RELEASE\spring-beans-3.0.2.RELEASE.jar;C:\Users\emalvino\.m2\repository\org\springframework\spring-context\3.0.2.RELEASE\spring-context-3.0.2.RELEASE.jar;C:\Users\emalvino\.m2\repository\org\springframework\spring-test\3.0.2.RELEASE\spring-test-3.0.2.RELEASE.jar;C:\Users\emalvino\.m2\repository\org\springframework\spring-context-support\3.0.2.RELEASE\spring-context-support-3.0.2.RELEASE.jar;C:\Users\emalvino\.m2\repository\org\springframework\spring-jdbc\3.0.2.RELEASE\spring-jdbc-3.0.2.RELEASE.jar;C:\Users\emalvino\.m2\repository\org\springframework\spring-tx\3.0.2.RELEASE\spring-tx-3.0.2.RELEASE.jar;C:\Users\emalvino\.m2\repository\aopalliance\aopalliance\1.0\aopalliance-1.0.jar;C:\Users\emalvino\.m2\repository\org\springframework\spring-orm\3.0.2.RELEASE\spring-orm-3.0.2.RELEASE.jar;C:\Users\emalvino\.m2\repository\org\springframework\spring-aop\3.0.2.RELEASE\spring-aop-3.0.2.RELEASE.jar;C:\Users\emalvino\.m2\repository\org\springframework\spring-web\3.0.2.RELEASE\spring-web-3.0.2.RELEASE.jar;C:\Users\emalvino\.m2\repository\org\springframework\security\spring-security-core\3.0.2.RELEASE\spring-security-core-3.0.2.RELEASE.jar;C:\Users\emalvino\.m2\repository\org\springframework\spring-expression\3.0.1.RELEASE\spring-expression-3.0.1.RELEASE.jar;C:\Users\emalvino\.m2\repository\org\aspectj\aspectjweaver\1.6.8\aspectjweaver-1.6.8.jar;C:\Users\emalvino\.m2\repository\org\springframework\security\spring-security-web\3.0.2.RELEASE\spring-security-web-3.0.2.RELEASE.jar;C:\Users\emalvino\.m2\repository\org\springframework\security\spring-security-config\3.0.2.RELEASE\spring-security-config-3.0.2.RELEASE.jar;C:\Users\emalvino\.m2\repository\org\mockito\mockito-all\1.8.5\mockito-all-1.8.5.jar;C:\Users\emalvino\.m2\repository\junit\junit\4.8.2\junit-4.8.2.jar;C:\Users\emalvino\.m2\repository\log4j\log4j\1.2.16\log4j-1.2.16.jar;C:\Users\emalvino\.m2\repository\org\slf4j\slf4j-log4j12\1.6.1\slf4j-log4j12-1.6.1.jar;C:\Users\emalvino\.m2\repository\org\slf4j\slf4j-api\1.6.1\slf4j-api-1.6.1.jar;"/>
    <property name="java.vm.specification.version" value="1.8"/>
    <property name="sun.arch.data.model" value="64"/>
    <property name="java.home" value="C:\Program Files\Java\jdk1.8.0_25\jre"/>
    <property name="sun.java.command" value="C:\Users\emalvino\HexactaLabs-Java\Java Wicket\target\surefire\surefirebooter4737853990722665059.jar C:\Users\emalvino\HexactaLabs-Java\Java Wicket\target\surefire\surefire9007251411991716604tmp C:\Users\emalvino\HexactaLabs-Java\Java Wicket\target\surefire\surefire3532295508956973699tmp"/>
    <property name="java.specification.vendor" value="Oracle Corporation"/>
    <property name="user.language" value="en"/>
    <property name="awt.toolkit" value="sun.awt.windows.WToolkit"/>
    <property name="java.vm.info" value="mixed mode"/>
    <property name="java.version" value="1.8.0_25"/>
    <property name="java.ext.dirs" value="C:\Program Files\Java\jdk1.8.0_25\jre\lib\ext;C:\Windows\Sun\Java\lib\ext"/>
    <property name="sun.boot.class.path" value="C:\Program Files\Java\jdk1.8.0_25\jre\lib\resources.jar;C:\Program Files\Java\jdk1.8.0_25\jre\lib\rt.jar;C:\Program Files\Java\jdk1.8.0_25\jre\lib\sunrsasign.jar;C:\Program Files\Java\jdk1.8.0_25\jre\lib\jsse.jar;C:\Program Files\Java\jdk1.8.0_25\jre\lib\jce.jar;C:\Program Files\Java\jdk1.8.0_25\jre\lib\charsets.jar;C:\Program Files\Java\jdk1.8.0_25\jre\lib\jfr.jar;C:\Program Files\Java\jdk1.8.0_25\jre\classes"/>
    <property name="java.vendor" value="Oracle Corporation"/>
    <property name="localRepository" value="C:\Users\emalvino\.m2\repository"/>
    <property name="file.separator" value="\"/>
    <property name="java.vendor.url.bug" value="http://bugreport.sun.com/bugreport/"/>
    <property name="sun.cpu.endian" value="little"/>
    <property name="sun.io.unicode.encoding" value="UnicodeLittle"/>
    <property name="sun.desktop" value="windows"/>
    <property name="sun.cpu.isalist" value="amd64"/>
  </properties>
  <testcase classname="ar.com.hexacta.tpl.model.LibraryTest" name="loanBookToUser" time="0.099"/>
  <testcase classname="ar.com.hexacta.tpl.model.LibraryTest" name="noLoanBookToUserBecauseMaximounUserLoans" time="0"/>
  <testcase classname="ar.com.hexacta.tpl.model.LibraryTest" name="noLoanBookToUserNoCopiesAvailable" time="0.001"/>
</testsuite>